<?xml version="1.0" encoding="UTF-8"?>
<!-- Generated by org.testng.reporters.JUnitReportReporter -->
<testsuite skipped="0" hostname="MyPC" name="com.qa.test.TestGetAPI" tests="1" failures="0" timestamp="24 Mar 2019 20:21:08 GMT" time="3.011" errors="0">
  <testcase name="apiGetTest" time="3.011" classname="com.qa.test.TestGetAPI"/>
</testsuite> <!-- com.qa.test.TestGetAPI -->
