<?xml version="1.0" encoding="UTF-8"?>
<!-- Generated by org.testng.reporters.JUnitReportReporter -->
<testsuite skipped="0" hostname="MyPC" name="com.qa.test.TestGetAPI" tests="1" failures="0" timestamp="26 Mar 2019 13:04:59 GMT" time="75.387" errors="0">
  <testcase name="apiGetTest" time="75.387" classname="com.qa.test.TestGetAPI"/>
</testsuite> <!-- com.qa.test.TestGetAPI -->
